TN:
SF:backend/config.js
FNF:0
FNH:0
DA:1,1
DA:2,1
DA:3,1
DA:4,1
DA:5,1
DA:6,1
DA:7,1
DA:8,1
DA:9,1
DA:10,1
DA:11,1
DA:12,1
DA:13,1
DA:14,1
DA:15,1
DA:16,1
DA:17,1
DA:18,1
DA:19,1
LF:19
LH:19
BRDA:1,0,0,1
BRDA:6,1,0,0
BRF:2
BRH:1
end_of_record
TN:
SF:backend/server.js
FN:33,sanitize
FN:116,startListening
FN:130,migrateWithRetry
FN:152,shutdown
FNF:4
FNH:4
FNDA:262,sanitize
FNDA:1,startListening
FNDA:1,migrateWithRetry
FNDA:1,shutdown
DA:1,1
DA:2,1
DA:3,1
DA:4,1
DA:5,1
DA:6,1
DA:7,1
DA:8,1
DA:9,1
DA:10,1
DA:11,1
DA:12,1
DA:13,1
DA:14,1
DA:15,1
DA:16,1
DA:17,1
DA:18,1
DA:19,1
DA:20,1
DA:21,1
DA:22,1
DA:23,1
DA:24,1
DA:25,1
DA:26,1
DA:27,1
DA:28,1
DA:29,1
DA:30,1
DA:31,1
DA:32,1
DA:33,262
DA:34,262
DA:35,262
DA:36,262
DA:37,81
DA:38,81
DA:39,194
DA:40,194
DA:41,81
DA:42,81
DA:43,180
DA:44,262
DA:45,1
DA:46,1
DA:47,124
DA:48,124
DA:49,124
DA:50,124
DA:51,124
DA:52,124
DA:53,124
DA:54,124
DA:55,124
DA:56,124
DA:57,124
DA:58,124
DA:59,124
DA:60,124
DA:61,124
DA:62,124
DA:63,1
DA:64,1
DA:65,1
DA:66,1
DA:67,2
DA:68,1
DA:69,1
DA:70,1
DA:71,1
DA:72,1
DA:73,1
DA:74,1
DA:75,1
DA:76,1
DA:77,1
DA:78,1
DA:79,1
DA:80,1
DA:81,1
DA:82,1
DA:83,1
DA:84,1
DA:85,0
DA:86,0
DA:87,1
DA:88,1
DA:89,1
DA:90,1
DA:91,1
DA:92,1
DA:93,0
DA:94,0
DA:95,0
DA:96,0
DA:97,0
DA:98,0
DA:99,0
DA:100,0
DA:101,0
DA:102,1
DA:103,1
DA:104,1
DA:105,1
DA:106,1
DA:107,1
DA:108,1
DA:109,1
DA:110,1
DA:111,0
DA:112,0
DA:113,1
DA:114,1
DA:115,1
DA:116,1
DA:117,1
DA:118,1
DA:119,1
DA:120,1
DA:121,1
DA:122,1
DA:123,1
DA:124,1
DA:125,1
DA:126,1
DA:127,1
DA:128,1
DA:129,1
DA:130,1
DA:131,1
DA:132,1
DA:133,1
DA:134,0
DA:135,0
DA:136,0
DA:137,0
DA:138,0
DA:139,0
DA:140,0
DA:141,0
DA:142,0
DA:143,0
DA:144,1
DA:145,1
DA:146,1
DA:147,1
DA:148,1
DA:149,1
DA:150,1
DA:151,1
DA:152,1
DA:153,1
DA:154,1
DA:155,1
DA:156,1
DA:157,1
LF:157
LH:134
BRDA:1,0,0,1
BRDA:92,1,0,0
BRDA:33,2,0,262
BRDA:34,3,0,0
BRDA:35,4,0,1
BRDA:36,5,0,261
BRDA:36,6,0,81
BRDA:38,7,0,194
BRDA:39,8,0,10
BRDA:39,9,0,184
BRDA:43,10,0,180
BRDA:46,11,0,124
BRDA:49,12,0,11
BRDA:49,13,0,113
BRDA:51,14,0,66
BRDA:52,15,0,58
BRDA:55,16,0,11
BRDA:55,17,0,113
BRDA:56,18,0,66
BRDA:56,19,0,58
BRDA:58,20,0,124
BRDA:66,21,0,2
BRDA:82,22,0,1
BRDA:84,23,0,0
BRDA:103,24,0,1
BRDA:116,25,0,1
BRDA:117,26,0,1
BRDA:130,27,0,1
BRDA:133,28,0,0
BRDA:152,29,0,1
BRDA:156,30,0,1
BRF:31
BRH:27
end_of_record
TN:
SF:backend/middleware/auth.js
FN:22,getSecret
FN:39,base64UrlEncode
FN:48,base64UrlDecode
FN:54,sign
FN:64,signToken
FN:79,verifyToken
FN:105,extractBearer
FN:121,requireAuth
FN:136,requireAdmin
FNF:9
FNH:8
FNDA:70,getSecret
FNDA:74,base64UrlEncode
FNDA:68,base64UrlDecode
FNDA:70,sign
FNDA:2,signToken
FNDA:77,verifyToken
FNDA:77,extractBearer
FNDA:0,requireAuth
FNDA:77,requireAdmin
DA:1,1
DA:2,1
DA:3,1
DA:4,1
DA:5,1
DA:6,1
DA:7,1
DA:8,1
DA:9,1
DA:10,1
DA:11,1
DA:12,1
DA:13,1
DA:14,1
DA:15,1
DA:16,1
DA:17,1
DA:18,1
DA:19,1
DA:20,1
DA:21,1
DA:22,70
DA:23,70
DA:24,70
DA:25,70
DA:26,1
DA:27,1
DA:28,1
DA:29,1
DA:30,1
DA:31,1
DA:32,1
DA:33,70
DA:34,1
DA:35,1
DA:36,70
DA:37,70
DA:38,1
DA:39,74
DA:40,74
DA:41,74
DA:42,74
DA:43,74
DA:44,74
DA:45,74
DA:46,74
DA:47,1
DA:48,68
DA:49,68
DA:50,68
DA:51,68
DA:52,68
DA:53,1
DA:54,70
DA:55,70
DA:56,70
DA:57,70
DA:58,70
DA:59,1
DA:60,1
DA:61,1
DA:62,1
DA:63,1
DA:64,2
DA:65,2
DA:66,2
DA:67,2
DA:68,2
DA:69,2
DA:70,2
DA:71,2
DA:72,2
DA:73,2
DA:74,1
DA:75,1
DA:76,1
DA:77,1
DA:78,1
DA:79,77
DA:80,77
DA:81,69
DA:82,77
DA:83,68
DA:84,68
DA:85,68
DA:86,68
DA:87,68
DA:88,68
DA:89,77
DA:90,77
DA:91,68
DA:92,68
DA:93,68
DA:94,77
DA:95,0
DA:96,0
DA:97,77
DA:98,77
DA:99,0
DA:100,0
DA:101,68
DA:102,77
DA:103,1
DA:104,1
DA:105,77
DA:106,77
DA:107,77
DA:108,70
DA:109,70
DA:110,77
DA:111,70
DA:112,77
DA:113,69
DA:114,77
DA:115,77
DA:116,1
DA:117,1
DA:118,1
DA:119,1
DA:120,1
DA:121,0
DA:122,0
DA:123,0
DA:124,0
DA:125,0
DA:126,0
DA:127,0
DA:128,0
DA:129,0
DA:130,1
DA:131,1
DA:132,1
DA:133,1
DA:134,1
DA:135,1
DA:136,77
DA:137,77
DA:138,77
DA:139,77
DA:140,9
DA:141,9
DA:142,68
DA:143,68
DA:144,68
DA:145,68
DA:146,68
DA:147,77
DA:148,77
DA:149,0
DA:150,0
DA:151,68
DA:152,68
DA:153,77
DA:154,1
DA:155,1
DA:156,1
DA:157,1
DA:158,1
DA:159,1
DA:160,1
LF:160
LH:145
BRDA:1,0,0,1
BRDA:22,1,0,70
BRDA:24,2,0,0
BRDA:25,3,0,1
BRDA:33,4,0,1
BRDA:39,5,0,74
BRDA:40,6,0,70
BRDA:40,7,0,4
BRDA:48,8,0,68
BRDA:50,9,0,0
BRDA:54,10,0,70
BRDA:64,11,0,2
BRDA:79,12,0,77
BRDA:80,13,0,69
BRDA:80,14,0,8
BRDA:81,15,0,69
BRDA:82,16,0,1
BRDA:83,17,0,68
BRDA:89,18,0,0
BRDA:90,19,0,68
BRDA:90,20,0,0
BRDA:91,21,0,68
BRDA:94,22,0,0
BRDA:97,23,0,68
BRDA:97,24,0,0
BRDA:98,25,0,68
BRDA:98,26,0,0
BRDA:101,27,0,68
BRDA:105,28,0,77
BRDA:107,29,0,70
BRDA:107,30,0,7
BRDA:108,31,0,70
BRDA:110,32,0,0
BRDA:111,33,0,70
BRDA:112,34,0,1
BRDA:113,35,0,69
BRDA:114,36,0,0
BRDA:136,37,0,77
BRDA:139,38,0,9
BRDA:142,39,0,68
BRDA:147,40,0,0
BRDA:148,41,0,0
BRDA:151,42,0,68
BRF:43
BRH:32
end_of_record
TN:
SF:backend/routes/admin.js
FN:22,send
FN:30,adminRoutes
FNF:2
FNH:2
FNDA:52,send
FNDA:1,adminRoutes
DA:1,1
DA:2,1
DA:3,1
DA:4,1
DA:5,1
DA:6,1
DA:7,1
DA:8,1
DA:9,1
DA:10,1
DA:11,1
DA:12,1
DA:13,1
DA:14,1
DA:15,1
DA:16,1
DA:17,1
DA:18,1
DA:19,1
DA:20,1
DA:21,1
DA:22,52
DA:23,52
DA:24,12
DA:25,12
DA:26,12
DA:27,52
DA:28,52
DA:29,1
DA:30,1
DA:31,1
DA:32,1
DA:33,1
DA:34,1
DA:35,1
DA:36,1
DA:37,1
DA:38,1
DA:39,1
DA:40,1
DA:41,1
DA:42,1
DA:43,4
DA:44,4
DA:45,1
DA:46,1
DA:47,1
DA:48,5
DA:49,5
DA:50,1
DA:51,1
DA:52,1
DA:53,4
DA:54,4
DA:55,1
DA:56,1
DA:57,1
DA:58,1
DA:59,1
DA:60,1
DA:61,2
DA:62,2
DA:63,2
DA:64,2
DA:65,2
DA:66,2
DA:67,2
DA:68,2
DA:69,2
DA:70,1
DA:71,1
DA:72,1
DA:73,2
DA:74,2
DA:75,1
DA:76,1
DA:77,1
DA:78,1
DA:79,1
DA:80,1
DA:81,1
DA:82,1
DA:83,1
DA:84,1
DA:85,1
DA:86,1
DA:87,1
DA:88,1
DA:89,1
DA:90,1
DA:91,1
DA:92,1
DA:93,1
DA:94,1
DA:95,1
DA:96,1
DA:97,1
DA:98,1
DA:99,1
DA:100,1
DA:101,1
DA:102,1
DA:103,1
DA:104,1
DA:105,1
DA:106,1
DA:107,1
DA:108,1
DA:109,1
DA:110,1
DA:111,1
DA:112,1
DA:113,1
DA:114,1
DA:115,1
DA:116,1
DA:117,1
DA:118,2
DA:119,2
DA:120,1
DA:121,1
DA:122,1
DA:123,3
DA:124,3
DA:125,1
DA:126,1
DA:127,1
DA:128,2
DA:129,2
DA:130,1
DA:131,1
DA:132,1
DA:133,2
DA:134,2
DA:135,0
DA:136,1
DA:137,1
DA:138,1
DA:139,1
DA:140,1
DA:141,1
DA:142,1
DA:143,1
DA:144,1
DA:145,1
DA:146,1
DA:147,1
DA:148,1
DA:149,1
DA:150,1
DA:151,3
DA:152,3
DA:153,1
DA:154,1
DA:155,1
DA:156,1
DA:157,1
DA:158,1
DA:159,1
DA:160,1
DA:161,3
DA:162,3
DA:163,1
DA:164,1
DA:165,1
DA:166,1
DA:167,2
DA:168,2
DA:169,1
DA:170,1
DA:171,1
DA:172,1
DA:173,1
DA:174,1
DA:175,1
DA:176,1
DA:177,1
DA:178,1
DA:179,1
DA:180,1
DA:181,1
DA:182,1
DA:183,1
DA:184,1
DA:185,1
DA:186,1
DA:187,6
DA:188,6
DA:189,1
DA:190,1
DA:191,5
DA:192,5
DA:193,1
DA:194,1
DA:195,1
DA:196,1
DA:197,1
DA:198,1
DA:199,1
DA:200,1
DA:201,1
DA:202,1
DA:203,5
DA:204,5
DA:205,5
DA:206,1
DA:207,1
DA:208,1
DA:209,1
DA:210,1
DA:211,3
DA:212,3
DA:213,3
DA:214,1
DA:215,1
DA:216,1
DA:217,1
LF:217
LH:216
BRDA:1,0,0,1
BRDA:22,1,0,52
BRDA:23,2,0,12
BRDA:24,3,0,3
BRDA:24,4,0,0
BRDA:27,5,0,40
BRDA:27,6,0,29
BRDA:30,7,0,1
BRDA:33,8,0,1
BRDA:36,9,0,0
BRDA:37,10,0,0
BRDA:42,11,0,4
BRDA:43,12,0,0
BRDA:47,13,0,5
BRDA:48,14,0,0
BRDA:52,15,0,4
BRDA:54,16,0,3
BRDA:55,17,0,1
BRDA:60,18,0,2
BRDA:63,19,0,1
BRDA:63,20,0,1
BRDA:64,21,0,1
BRDA:64,22,0,1
BRDA:65,23,0,1
BRDA:65,24,0,1
BRDA:66,25,0,0
BRDA:67,26,0,1
BRDA:67,27,0,1
BRDA:72,28,0,2
BRDA:73,29,0,0
BRDA:77,30,0,1
BRDA:82,31,0,1
BRDA:83,32,0,0
BRDA:88,33,0,1
BRDA:89,34,0,0
BRDA:94,35,0,1
BRDA:99,36,0,1
BRDA:104,37,0,1
BRDA:105,38,0,0
BRDA:109,39,0,1
BRDA:110,40,0,0
BRDA:117,41,0,2
BRDA:122,42,0,3
BRDA:123,43,0,0
BRDA:127,44,0,2
BRDA:128,45,0,0
BRDA:132,46,0,2
BRDA:135,47,0,0
BRDA:140,48,0,1
BRDA:143,49,0,0
BRDA:144,50,0,0
BRDA:145,51,0,0
BRDA:150,52,0,3
BRDA:151,53,0,0
BRDA:155,54,0,1
BRDA:156,55,0,0
BRDA:160,56,0,3
BRDA:162,57,0,2
BRDA:163,58,0,1
BRDA:166,59,0,2
BRDA:171,60,0,1
BRDA:172,61,0,0
BRDA:178,62,0,1
BRDA:180,63,0,0
BRDA:186,64,0,6
BRDA:187,65,0,5
BRDA:187,66,0,1
BRDA:188,67,0,5
BRDA:188,68,0,1
BRDA:191,69,0,5
BRDA:197,70,0,1
BRDA:202,71,0,5
BRDA:203,72,0,0
BRDA:210,73,0,3
BRDA:211,74,0,1
BRF:75
BRH:53
end_of_record
TN:
SF:backend/routes/auth.js
FN:17,send
FN:25,authRoutes
FNF:2
FNH:2
FNDA:10,send
FNDA:1,authRoutes
DA:1,1
DA:2,1
DA:3,1
DA:4,1
DA:5,1
DA:6,1
DA:7,1
DA:8,1
DA:9,1
DA:10,1
DA:11,1
DA:12,1
DA:13,1
DA:14,1
DA:15,1
DA:16,1
DA:17,10
DA:18,10
DA:19,4
DA:20,4
DA:21,4
DA:22,10
DA:23,10
DA:24,1
DA:25,1
DA:26,1
DA:27,1
DA:28,4
DA:29,4
DA:30,1
DA:31,1
DA:32,3
DA:33,3
DA:34,1
DA:35,1
DA:36,1
DA:37,1
DA:38,1
DA:39,4
DA:40,4
DA:41,1
DA:42,1
DA:43,3
DA:44,3
DA:45,1
DA:46,1
DA:47,1
DA:48,1
DA:49,1
DA:50,5
DA:51,5
DA:52,1
DA:53,1
DA:54,4
DA:55,4
DA:56,1
DA:57,1
DA:58,1
DA:59,1
LF:59
LH:59
BRDA:1,0,0,1
BRDA:17,1,0,10
BRDA:18,2,0,4
BRDA:22,3,0,6
BRDA:25,4,0,1
BRDA:27,5,0,4
BRDA:28,6,0,0
BRDA:29,7,0,3
BRDA:29,8,0,1
BRDA:32,9,0,3
BRDA:38,10,0,4
BRDA:39,11,0,0
BRDA:40,12,0,3
BRDA:40,13,0,3
BRDA:40,14,0,1
BRDA:43,15,0,3
BRDA:49,16,0,5
BRDA:50,17,0,0
BRDA:51,18,0,4
BRDA:51,19,0,1
BRDA:54,20,0,4
BRF:21
BRH:18
end_of_record
TN:
SF:backend/routes/irpf.js
FN:20,send
FN:28,irpfRoutes
FNF:2
FNH:2
FNDA:21,send
FNDA:1,irpfRoutes
DA:1,1
DA:2,1
DA:3,1
DA:4,1
DA:5,1
DA:6,1
DA:7,1
DA:8,1
DA:9,1
DA:10,1
DA:11,1
DA:12,1
DA:13,1
DA:14,1
DA:15,1
DA:16,1
DA:17,1
DA:18,1
DA:19,1
DA:20,21
DA:21,21
DA:22,6
DA:23,6
DA:24,6
DA:25,21
DA:26,21
DA:27,1
DA:28,1
DA:29,1
DA:30,1
DA:31,2
DA:32,2
DA:33,1
DA:34,1
DA:35,1
DA:36,1
DA:37,1
DA:38,1
DA:39,1
DA:40,1
DA:41,1
DA:42,1
DA:43,1
DA:44,1
DA:45,1
DA:46,1
DA:47,1
DA:48,1
DA:49,2
DA:50,2
DA:51,2
DA:52,2
DA:53,2
DA:54,2
DA:55,2
DA:56,2
DA:57,1
DA:58,1
DA:59,1
DA:60,1
DA:61,2
DA:62,2
DA:63,2
DA:64,2
DA:65,2
DA:66,2
DA:67,2
DA:68,2
DA:69,1
DA:70,1
DA:71,1
DA:72,1
DA:73,1
DA:74,1
DA:75,1
DA:76,1
DA:77,1
DA:78,1
DA:79,3
DA:80,3
DA:81,1
DA:82,1
DA:83,1
DA:84,1
DA:85,2
DA:86,2
DA:87,1
DA:88,1
DA:89,1
DA:90,1
DA:91,1
DA:92,1
DA:93,3
DA:94,3
DA:95,1
DA:96,1
DA:97,1
DA:98,1
DA:99,1
DA:100,1
DA:101,1
DA:102,1
DA:103,1
DA:104,1
DA:105,2
DA:106,2
DA:107,2
DA:108,1
DA:109,1
DA:110,1
DA:111,1
DA:112,2
DA:113,2
DA:114,1
DA:115,1
DA:116,1
DA:117,1
LF:117
LH:117
BRDA:1,0,0,1
BRDA:20,1,0,21
BRDA:21,2,0,6
BRDA:22,3,0,4
BRDA:22,4,0,0
BRDA:25,5,0,15
BRDA:25,6,0,14
BRDA:28,7,0,1
BRDA:30,8,0,2
BRDA:31,9,0,1
BRDA:36,10,0,1
BRDA:42,11,0,1
BRDA:48,12,0,2
BRDA:53,13,0,1
BRDA:53,14,0,1
BRDA:54,15,0,0
BRDA:60,16,0,2
BRDA:65,17,0,1
BRDA:65,18,0,1
BRDA:66,19,0,1
BRDA:66,20,0,1
BRDA:72,21,0,1
BRDA:78,22,0,3
BRDA:84,23,0,2
BRDA:85,24,0,0
BRDA:86,25,0,1
BRDA:92,26,0,3
BRDA:93,27,0,0
BRDA:98,28,0,1
BRDA:104,29,0,2
BRDA:105,30,0,0
BRDA:111,31,0,2
BRF:32
BRH:27
end_of_record
TN:
SF:backend/routes/public.js
FN:30,send
FN:38,publicRoutes
FNF:2
FNH:2
FNDA:15,send
FNDA:1,publicRoutes
DA:1,1
DA:2,1
DA:3,1
DA:4,1
DA:5,1
DA:6,1
DA:7,1
DA:8,1
DA:9,1
DA:10,1
DA:11,1
DA:12,1
DA:13,1
DA:14,1
DA:15,1
DA:16,1
DA:17,1
DA:18,1
DA:19,1
DA:20,1
DA:21,1
DA:22,1
DA:23,1
DA:24,1
DA:25,1
DA:26,1
DA:27,1
DA:28,1
DA:29,1
DA:30,15
DA:31,15
DA:32,3
DA:33,3
DA:34,3
DA:35,15
DA:36,15
DA:37,1
DA:38,1
DA:39,1
DA:40,1
DA:41,1
DA:42,1
DA:43,1
DA:44,15
DA:45,15
DA:46,1
DA:47,1
DA:48,1
DA:49,1
LF:49
LH:49
BRDA:1,0,0,1
BRDA:30,1,0,15
BRDA:31,2,0,3
BRDA:32,3,0,0
BRDA:35,4,0,12
BRDA:35,5,0,0
BRDA:38,6,0,1
BRDA:43,7,0,15
BRDA:44,8,0,0
BRF:9
BRH:6
end_of_record
TN:
SF:backend/services/dbService.js
FN:143,hashPassword
FN:147,verifyPassword
FN:152,rowToDeclaracion
FN:171,rowToUser
FN:195,loadRolesForDniNie
FN:210,loginAdmin
FN:244,changePassword
FN:270,changeEmail
FN:308,getPreguntas
FN:338,rowToPreguntaFormulario
FN:363,listPreguntasFormulario
FN:393,sanitiseTextos
FN:405,createPreguntaFormulario
FN:491,deletePreguntaFormulario
FN:503,updatePreguntaFormulario
FN:645,toYN
FN:654,loadCampoToPreguntaId
FN:665,loadRespuestasFor
FN:687,validateRespuestasShape
FN:698,validateDeclaracionPersonalFields
FN:707,listDeclaraciones
FN:731,listDeclaracionesAll
FN:758,isEmailEnvioActivo
FN:771,getConfiguracion
FN:782,updateConfiguracion
FN:796,notifyAdminsOfDeclaracion
FN:839,notifyClientOfDeclaracion
FN:872,buildDeclaracionPdfAttachment
FN:899,createDeclaracion
FN:988,getDeclaracion
FN:1015,normaliseAnswerCell
FN:1030,getDeclaracionesImportTemplate
FN:1050,bulkImportDeclaraciones
FN:1152,getDeclaracionByToken
FN:1165,updateEstadoDeclaracion
FN:1180,updateDeclaracion
FN:1284,deleteDeclaracion
FN:1302,listUsersAdmin
FN:1343,blockUser
FN:1357,reportUser
FN:1371,deleteUser
FN:1387,assignUserAccount
FN:1424,getUserByDniNie
FN:1445,rowToRole
FN:1457,listRolesAdmin
FN:1474,createRoleAdmin
FN:1496,updateRoleAdmin
FN:1539,deleteRoleAdmin
FN:1555,getUserRolesAdmin
FN:1576,setUserRolesAdmin
FN:1627,getIdiomas
FN:1639,getTraducciones
FN:1662,rowToIdioma
FN:1673,listIdiomasAdmin
FN:1697,createIdiomaAdmin
FN:1715,updateIdiomaAdmin
FN:1742,deleteIdiomaAdmin
FN:1759,getIdiomaContent
FN:1776,updateIdiomaContent
FN:1824,getMissingTranslations
FN:1948,sendEmailDeclaracion
FN:2011,sendEmailToUser
FNF:62
FNH:62
FNDA:3,hashPassword
FNDA:6,verifyPassword
FNDA:13,rowToDeclaracion
FNDA:1,rowToUser
FNDA:1,loadRolesForDniNie
FNDA:3,loginAdmin
FNDA:3,changePassword
FNDA:4,changeEmail
FNDA:3,getPreguntas
FNDA:11,rowToPreguntaFormulario
FNDA:1,listPreguntasFormulario
FNDA:3,sanitiseTextos
FNDA:4,createPreguntaFormulario
FNDA:4,deletePreguntaFormulario
FNDA:5,updatePreguntaFormulario
FNDA:243,toYN
FNDA:23,loadCampoToPreguntaId
FNDA:11,loadRespuestasFor
FNDA:20,validateRespuestasShape
FNDA:22,validateDeclaracionPersonalFields
FNDA:2,listDeclaraciones
FNDA:2,listDeclaracionesAll
FNDA:32,isEmailEnvioActivo
FNDA:1,getConfiguracion
FNDA:5,updateConfiguracion
FNDA:15,notifyAdminsOfDeclaracion
FNDA:15,notifyClientOfDeclaracion
FNDA:15,buildDeclaracionPdfAttachment
FNDA:19,createDeclaracion
FNDA:5,getDeclaracion
FNDA:3,normaliseAnswerCell
FNDA:1,getDeclaracionesImportTemplate
FNDA:5,bulkImportDeclaraciones
FNDA:2,getDeclaracionByToken
FNDA:1,updateEstadoDeclaracion
FNDA:3,updateDeclaracion
FNDA:1,deleteDeclaracion
FNDA:2,listUsersAdmin
FNDA:1,blockUser
FNDA:1,reportUser
FNDA:1,deleteUser
FNDA:2,assignUserAccount
FNDA:1,getUserByDniNie
FNDA:10,rowToRole
FNDA:2,listRolesAdmin
FNDA:3,createRoleAdmin
FNDA:2,updateRoleAdmin
FNDA:2,deleteRoleAdmin
FNDA:1,getUserRolesAdmin
FNDA:1,setUserRolesAdmin
FNDA:1,getIdiomas
FNDA:1,getTraducciones
FNDA:8,rowToIdioma
FNDA:1,listIdiomasAdmin
FNDA:3,createIdiomaAdmin
FNDA:1,updateIdiomaAdmin
FNDA:3,deleteIdiomaAdmin
FNDA:3,getIdiomaContent
FNDA:1,updateIdiomaContent
FNDA:4,getMissingTranslations
FNDA:2,sendEmailDeclaracion
FNDA:1,sendEmailToUser
DA:1,1
DA:2,1
DA:3,1
DA:4,1
DA:5,1
DA:6,1
DA:7,1
DA:8,1
DA:9,1
DA:10,1
DA:11,1
DA:12,1
DA:13,1
DA:14,1
DA:15,1
DA:16,1
DA:17,1
DA:18,1
DA:19,1
DA:20,1
DA:21,1
DA:22,1
DA:23,1
DA:24,1
DA:25,1
DA:26,1
DA:27,1
DA:28,1
DA:29,1
DA:30,1
DA:31,1
DA:32,1
DA:33,1
DA:34,1
DA:35,1
DA:36,1
DA:37,1
DA:38,1
DA:39,1
DA:40,1
DA:41,1
DA:42,1
DA:43,1
DA:44,1
DA:45,1
DA:46,1
DA:47,1
DA:48,1
DA:49,1
DA:50,1
DA:51,1
DA:52,1
DA:53,1
DA:54,1
DA:55,1
DA:56,1
DA:57,1
DA:58,1
DA:59,1
DA:60,1
DA:61,1
DA:62,1
DA:63,1
DA:64,1
DA:65,1
DA:66,1
DA:67,1
DA:68,1
DA:69,1
DA:70,1
DA:71,1
DA:72,1
DA:73,1
DA:74,1
DA:75,1
DA:76,1
DA:77,1
DA:78,1
DA:79,1
DA:80,1
DA:81,1
DA:82,1
DA:83,1
DA:84,1
DA:85,1
DA:86,1
DA:87,1
DA:88,1
DA:89,1
DA:90,1
DA:91,1
DA:92,1
DA:93,1
DA:94,1
DA:95,1
DA:96,1
DA:97,1
DA:98,1
DA:99,1
DA:100,1
DA:101,1
DA:102,1
DA:103,1
DA:104,1
DA:105,1
DA:106,1
DA:107,1
DA:108,1
DA:109,1
DA:110,1
DA:111,1
DA:112,1
DA:113,1
DA:114,1
DA:115,1
DA:116,1
DA:117,1
DA:118,1
DA:119,1
DA:120,1
DA:121,1
DA:122,1
DA:123,1
DA:124,1
DA:125,1
DA:126,1
DA:127,1
DA:128,1
DA:129,1
DA:130,1
DA:131,1
DA:132,1
DA:133,1
DA:134,1
DA:135,1
DA:136,1
DA:137,1
DA:138,1
DA:139,1
DA:140,1
DA:141,1
DA:142,1
DA:143,3
DA:144,3
DA:145,3
DA:146,1
DA:147,6
DA:148,6
DA:149,6
DA:150,1
DA:151,1
DA:152,13
DA:153,13
DA:154,13
DA:155,13
DA:156,13
DA:157,13
DA:158,13
DA:159,13
DA:160,13
DA:161,13
DA:162,13
DA:163,13
DA:164,13
DA:165,13
DA:166,13
DA:167,13
DA:168,13
DA:169,13
DA:170,1
DA:171,1
DA:172,1
DA:173,1
DA:174,1
DA:175,1
DA:176,1
DA:177,1
DA:178,1
DA:179,1
DA:180,1
DA:181,1
DA:182,1
DA:183,1
DA:184,1
DA:185,1
DA:186,1
DA:187,1
DA:188,1
DA:189,1
DA:190,1
DA:191,1
DA:192,1
DA:193,1
DA:194,1
DA:195,1
DA:196,1
DA:197,1
DA:198,1
DA:199,1
DA:200,1
DA:201,1
DA:202,1
DA:203,1
DA:204,1
DA:205,1
DA:206,1
DA:207,1
DA:208,1
DA:209,1
DA:210,3
DA:211,3
DA:212,3
DA:213,3
DA:214,3
DA:215,3
DA:216,3
DA:217,3
DA:218,3
DA:219,3
DA:220,3
DA:221,3
DA:222,3
DA:223,3
DA:224,3
DA:225,3
DA:226,3
DA:227,1
DA:228,1
DA:229,2
DA:230,2
DA:231,2
DA:232,2
DA:233,2
DA:234,2
DA:235,2
DA:236,2
DA:237,2
DA:238,3
DA:239,0
DA:240,0
DA:241,0
DA:242,3
DA:243,1
DA:244,3
DA:245,3
DA:246,3
DA:247,3
DA:248,3
DA:249,3
DA:250,3
DA:251,3
DA:252,3
DA:253,3
DA:254,1
DA:255,1
DA:256,2
DA:257,2
DA:258,2
DA:259,2
DA:260,2
DA:261,2
DA:262,3
DA:263,0
DA:264,0
DA:265,0
DA:266,3
DA:267,1
DA:268,1
DA:269,1
DA:270,4
DA:271,4
DA:272,4
DA:273,4
DA:274,1
DA:275,1
DA:276,4
DA:277,4
DA:278,3
DA:279,3
DA:280,3
DA:281,3
DA:282,3
DA:283,3
DA:284,3
DA:285,3
DA:286,4
DA:287,2
DA:288,2
DA:289,4
DA:290,0
DA:291,0
DA:292,4
DA:293,0
DA:294,0
DA:295,2
DA:296,2
DA:297,2
DA:298,2
DA:299,2
DA:300,4
DA:301,0
DA:302,0
DA:303,0
DA:304,4
DA:305,1
DA:306,1
DA:307,1
DA:308,3
DA:309,3
DA:310,3
DA:311,3
DA:312,3
DA:313,3
DA:314,3
DA:315,3
DA:316,45
DA:317,45
DA:318,0
DA:319,45
DA:320,45
DA:321,45
DA:322,0
DA:323,0
DA:324,45
DA:325,45
DA:326,45
DA:327,45
DA:328,3
DA:329,3
DA:330,3
DA:331,0
DA:332,0
DA:333,0
DA:334,3
DA:335,1
DA:336,1
DA:337,1
DA:338,11
DA:339,11
DA:340,11
DA:341,11
DA:342,11
DA:343,0
DA:344,0
DA:345,11
DA:346,11
DA:347,11
DA:348,11
DA:349,0
DA:350,0
DA:351,0
DA:352,11
DA:353,11
DA:354,11
DA:355,11
DA:356,11
DA:357,11
DA:358,11
DA:359,11
DA:360,11
DA:361,11
DA:362,1
DA:363,1
DA:364,1
DA:365,1
DA:366,1
DA:367,1
DA:368,1
DA:369,1
DA:370,1
DA:371,1
DA:372,1
DA:373,1
DA:374,1
DA:375,1
DA:376,1
DA:377,1
DA:378,1
DA:379,1
DA:380,1
DA:381,1
DA:382,1
DA:383,1
DA:384,1
DA:385,0
DA:386,0
DA:387,0
DA:388,1
DA:389,1
DA:390,1
DA:391,1
DA:392,1
DA:393,3
DA:394,3
DA:395,3
DA:396,3
DA:397,3
DA:398,3
DA:399,3
DA:400,3
DA:401,3
DA:402,3
DA:403,3
DA:404,1
DA:405,4
DA:406,4
DA:407,4
DA:408,0
DA:409,0
DA:410,4
DA:411,4
DA:412,0
DA:413,0
DA:414,4
DA:415,4
DA:416,4
DA:417,4
DA:418,3
DA:419,3
DA:420,3
DA:421,0
DA:422,0
DA:423,3
DA:424,4
DA:425,1
DA:426,1
DA:427,1
DA:428,1
DA:429,0
DA:430,0
DA:431,4
DA:432,4
DA:433,4
DA:434,4
DA:435,4
DA:436,4
DA:437,2
DA:438,2
DA:439,2
DA:440,2
DA:441,2
DA:442,4
DA:443,4
DA:444,4
DA:445,4
DA:446,4
DA:447,4
DA:448,4
DA:449,4
DA:450,4
DA:451,4
DA:452,4
DA:453,4
DA:454,4
DA:455,4
DA:456,4
DA:457,2
DA:458,2
DA:459,2
DA:460,2
DA:461,2
DA:462,2
DA:463,2
DA:464,1
DA:465,1
DA:466,1
DA:467,1
DA:468,1
DA:469,2
DA:470,4
DA:471,4
DA:472,4
DA:473,4
DA:474,4
DA:475,4
DA:476,4
DA:477,3
DA:478,3
DA:479,4
DA:480,1
DA:481,1
DA:482,1
DA:483,1
DA:484,0
DA:485,0
DA:486,4
DA:487,4
DA:488,4
DA:489,4
DA:490,1
DA:491,4
DA:492,4
DA:493,4
DA:494,4
DA:495,4
DA:496,3
DA:497,4
DA:498,0
DA:499,0
DA:500,0
DA:501,4
DA:502,1
DA:503,5
DA:504,5
DA:505,5
DA:506,5
DA:507,5
DA:508,5
DA:509,1
DA:510,1
DA:511,1
DA:512,1
DA:513,1
DA:514,4
DA:515,4
DA:516,5
DA:517,4
DA:518,4
DA:519,4
DA:520,3
DA:521,3
DA:522,3
DA:523,3
DA:524,3
DA:525,5
DA:526,0
DA:527,0
DA:528,0
DA:529,0
DA:530,0
DA:531,5
DA:532,1
DA:533,1
DA:534,1
DA:535,3
DA:536,5
DA:537,0
DA:538,0
DA:539,3
DA:540,3
DA:541,3
DA:542,3
DA:543,3
DA:544,3
DA:545,3
DA:546,3
DA:547,3
DA:548,3
DA:549,3
DA:550,3
DA:551,3
DA:552,3
DA:553,5
DA:554,0
DA:555,0
DA:556,0
DA:557,3
DA:558,3
DA:559,3
DA:560,3
DA:561,3
DA:562,3
DA:563,3
DA:564,3
DA:565,3
DA:566,3
DA:567,3
DA:568,3
DA:569,3
DA:570,3
DA:571,3
DA:572,3
DA:573,1
DA:574,1
DA:575,1
DA:576,1
DA:577,1
DA:578,1
DA:579,1
DA:580,3
DA:581,1
DA:582,1
DA:583,1
DA:584,1
DA:585,1
DA:586,1
DA:587,1
DA:588,1
DA:589,3
DA:590,3
DA:591,3
DA:592,3
DA:593,3
DA:594,5
DA:595,0
DA:596,0
DA:597,0
DA:598,3
DA:599,3
DA:600,3
DA:601,3
DA:602,5
DA:603,1
DA:604,1
DA:605,1
DA:606,3
DA:607,3
DA:608,3
DA:609,3
DA:610,3
DA:611,3
DA:612,3
DA:613,5
DA:614,0
DA:615,0
DA:616,0
DA:617,3
DA:618,3
DA:619,3
DA:620,3
DA:621,3
DA:622,3
DA:623,3
DA:624,3
DA:625,5
DA:626,0
DA:627,0
DA:628,0
DA:629,0
DA:630,0
DA:631,0
DA:632,5
DA:633,3
DA:634,3
DA:635,5
DA:636,1
DA:637,1
DA:638,1
DA:639,1
DA:640,1
DA:641,1
DA:642,1
DA:643,1
DA:644,1
DA:645,243
DA:646,243
DA:647,225
DA:648,243
DA:649,1
DA:650,1
DA:651,1
DA:652,1
DA:653,1
DA:654,23
DA:655,23
DA:656,23
DA:657,23
DA:658,23
DA:659,23
DA:660,1
DA:661,1
DA:662,1
DA:663,1
DA:664,1
DA:665,11
DA:666,11
DA:667,11
DA:668,11
DA:669,11
DA:670,11
DA:671,11
DA:672,11
DA:673,11
DA:674,11
DA:675,11
DA:676,11
DA:677,14
DA:678,14
DA:679,14
DA:680,11
DA:681,11
DA:682,1
DA:683,1
DA:684,1
DA:685,1
DA:686,1
DA:687,20
DA:688,20
DA:689,106
DA:690,106
DA:691,106
DA:692,1
DA:693,1
DA:694,106
DA:695,19
DA:696,20
DA:697,1
DA:698,22
DA:699,22
DA:700,19
DA:701,73
DA:702,73
DA:703,17
DA:704,20
DA:705,22
DA:706,1
DA:707,2
DA:708,2
DA:709,2
DA:710,2
DA:711,2
DA:712,2
DA:713,2
DA:714,2
DA:715,2
DA:716,2
DA:717,2
DA:718,2
DA:719,2
DA:720,2
DA:721,2
DA:722,2
DA:723,2
DA:724,2
DA:725,2
DA:726,0
DA:727,0
DA:728,0
DA:729,2
DA:730,1
DA:731,2
DA:732,2
DA:733,2
DA:734,2
DA:735,2
DA:736,0
DA:737,0
DA:738,0
DA:739,2
DA:740,2
DA:741,2
DA:742,2
DA:743,2
DA:744,2
DA:745,2
DA:746,2
DA:747,2
DA:748,2
DA:749,2
DA:750,2
DA:751,2
DA:752,2
DA:753,0
DA:754,0
DA:755,0
DA:756,2
DA:757,1
DA:758,32
DA:759,32
DA:760,32
DA:761,32
DA:762,32
DA:763,32
DA:764,32
DA:765,32
DA:766,0
DA:767,0
DA:768,0
DA:769,32
DA:770,1
DA:771,1
DA:772,1
DA:773,1
DA:774,1
DA:775,1
DA:776,1
DA:777,0
DA:778,0
DA:779,0
DA:780,1
DA:781,1
DA:782,5
DA:783,5
DA:784,5
DA:785,5
DA:786,5
DA:787,5
DA:788,5
DA:789,5
DA:790,5
DA:791,0
DA:792,0
DA:793,0
DA:794,5
DA:795,1
DA:796,15
DA:797,15
DA:798,15
DA:799,14
DA:800,14
DA:801,14
DA:802,1
DA:803,1
DA:804,1
DA:805,1
DA:806,1
DA:807,1
DA:808,1
DA:809,1
DA:810,1
DA:811,1
DA:812,15
DA:813,0
DA:814,0
DA:815,0
DA:816,15
DA:817,15
DA:818,15
DA:819,15
DA:820,15
DA:821,15
DA:822,15
DA:823,15
DA:824,15
DA:825,15
DA:826,15
DA:827,15
DA:828,15
DA:829,15
DA:830,15
DA:831,15
DA:832,15
DA:833,15
DA:834,15
DA:835,0
DA:836,0
DA:837,15
DA:838,1
DA:839,15
DA:840,15
DA:841,15
DA:842,14
DA:843,14
DA:844,14
DA:845,15
DA:846,15
DA:847,1
DA:848,15
DA:849,15
DA:850,15
DA:851,15
DA:852,15
DA:853,15
DA:854,15
DA:855,15
DA:856,15
DA:857,15
DA:858,15
DA:859,15
DA:860,15
DA:861,15
DA:862,15
DA:863,15
DA:864,15
DA:865,15
DA:866,15
DA:867,15
DA:868,0
DA:869,0
DA:870,15
DA:871,1
DA:872,15
DA:873,15
DA:874,15
DA:875,15
DA:876,15
DA:877,15
DA:878,15
DA:879,15
DA:880,225
DA:881,225
DA:882,225
DA:883,225
DA:884,0
DA:885,225
DA:886,15
DA:887,15
DA:888,15
DA:889,15
DA:890,15
DA:891,15
DA:892,15
DA:893,15
DA:894,0
DA:895,0
DA:896,0
DA:897,15
DA:898,1
DA:899,19
DA:900,19
DA:901,19
DA:902,19
DA:903,19
DA:904,16
DA:905,16
DA:906,16
DA:907,16
DA:908,16
DA:909,19
DA:910,0
DA:911,0
DA:912,19
DA:913,0
DA:914,0
DA:915,0
DA:916,16
DA:917,16
DA:918,16
DA:919,16
DA:920,16
DA:921,19
DA:922,240
DA:923,240
DA:924,16
DA:925,16
DA:926,16
DA:927,240
DA:928,16
DA:929,16
DA:930,16
DA:931,16
DA:932,16
DA:933,16
DA:934,16
DA:935,16
DA:936,16
DA:937,16
DA:938,16
DA:939,15
DA:940,15
DA:941,15
DA:942,15
DA:943,15
DA:944,15
DA:945,15
DA:946,15
DA:947,15
DA:948,15
DA:949,15
DA:950,15
DA:951,15
DA:952,15
DA:953,15
DA:954,15
DA:955,15
DA:956,15
DA:957,15
DA:958,15
DA:959,15
DA:960,15
DA:961,15
DA:962,15
DA:963,15
DA:964,15
DA:965,15
DA:966,15
DA:967,15
DA:968,15
DA:969,15
DA:970,15
DA:971,15
DA:972,15
DA:973,0
DA:974,15
DA:975,15
DA:976,19
DA:977,1
DA:978,1
DA:979,1
DA:980,1
DA:981,0
DA:982,0
DA:983,19
DA:984,16
DA:985,16
DA:986,19
DA:987,1
DA:988,5
DA:989,5
DA:990,5
DA:991,5
DA:992,3
DA:993,5
DA:994,5
DA:995,0
DA:996,0
DA:997,0
DA:998,5
DA:999,1
DA:1000,1
DA:1001,1
DA:1002,1
DA:1003,1
DA:1004,1
DA:1005,1
DA:1006,1
DA:1007,1
DA:1008,1
DA:1009,1
DA:1010,1
DA:1011,1
DA:1012,1
DA:1013,1
DA:1014,1
DA:1015,3
DA:1016,3
DA:1017,3
DA:1018,3
DA:1019,3
DA:1020,3
DA:1021,1
DA:1022,3
DA:1023,1
DA:1024,1
DA:1025,1
DA:1026,1
DA:1027,1
DA:1028,1
DA:1029,1
DA:1030,1
DA:1031,1
DA:1032,1
DA:1033,1
DA:1034,1
DA:1035,1
DA:1036,1
DA:1037,1
DA:1038,1
DA:1039,0
DA:1040,0
DA:1041,0
DA:1042,1
DA:1043,1
DA:1044,1
DA:1045,1
DA:1046,1
DA:1047,1
DA:1048,1
DA:1049,1
DA:1050,5
DA:1051,5
DA:1052,0
DA:1053,0
DA:1054,5
DA:1055,5
DA:1056,5
DA:1057,5
DA:1058,5
DA:1059,0
DA:1060,0
DA:1061,5
DA:1062,5
DA:1063,5
DA:1064,0
DA:1065,0
DA:1066,5
DA:1067,5
DA:1068,5
DA:1069,5
DA:1070,5
DA:1071,1
DA:1072,1
DA:1073,1
DA:1074,1
DA:1075,1
DA:1076,1
DA:1077,4
DA:1078,5
DA:1079,16
DA:1080,0
DA:1081,0
DA:1082,16
DA:1083,4
DA:1084,4
DA:1085,4
DA:1086,4
DA:1087,5
DA:1088,0
DA:1089,0
DA:1090,0
DA:1091,5
DA:1092,0
DA:1093,0
DA:1094,4
DA:1095,4
DA:1096,4
DA:1097,23
DA:1098,3
DA:1099,0
DA:1100,4
DA:1101,4
DA:1102,4
DA:1103,4
DA:1104,4
DA:1105,4
DA:1106,4
DA:1107,4
DA:1108,4
DA:1109,4
DA:1110,4
DA:1111,4
DA:1112,4
DA:1113,4
DA:1114,4
DA:1115,4
DA:1116,4
DA:1117,4
DA:1118,23
DA:1119,23
DA:1120,23
DA:1121,23
DA:1122,20
DA:1123,20
DA:1124,20
DA:1125,3
DA:1126,23
DA:1127,1
DA:1128,1
DA:1129,1
DA:1130,2
DA:1131,23
DA:1132,4
DA:1133,4
DA:1134,1
DA:1135,1
DA:1136,1
DA:1137,1
DA:1138,3
DA:1139,3
DA:1140,4
DA:1141,1
DA:1142,1
DA:1143,4
DA:1144,2
DA:1145,2
DA:1146,2
DA:1147,4
DA:1148,4
DA:1149,4
DA:1150,5
DA:1151,1
DA:1152,2
DA:1153,2
DA:1154,2
DA:1155,2
DA:1156,2
DA:1157,1
DA:1158,2
DA:1159,2
DA:1160,0
DA:1161,0
DA:1162,0
DA:1163,2
DA:1164,1
DA:1165,1
DA:1166,1
DA:1167,1
DA:1168,1
DA:1169,1
DA:1170,1
DA:1171,1
DA:1172,1
DA:1173,1
DA:1174,1
DA:1175,0
DA:1176,0
DA:1177,0
DA:1178,1
DA:1179,1
DA:1180,3
DA:1181,3
DA:1182,3
DA:1183,3
DA:1184,3
DA:1185,3
DA:1186,3
DA:1187,3
DA:1188,3
DA:1189,3
DA:1190,3
DA:1191,3
DA:1192,3
DA:1193,3
DA:1194,3
DA:1195,15
DA:1196,2
DA:1197,2
DA:1198,2
DA:1199,2
DA:1200,0
DA:1201,0
DA:1202,0
DA:1203,2
DA:1204,15
DA:1205,3
DA:1206,3
DA:1207,3
DA:1208,3
DA:1209,3
DA:1210,3
DA:1211,0
DA:1212,0
DA:1213,0
DA:1214,3
DA:1215,3
DA:1216,3
DA:1217,3
DA:1218,3
DA:1219,45
DA:1220,3
DA:1221,3
DA:1222,45
DA:1223,2
DA:1224,45
DA:1225,1
DA:1226,1
DA:1227,45
DA:1228,3
DA:1229,3
DA:1230,3
DA:1231,3
DA:1232,3
DA:1233,3
DA:1234,3
DA:1235,2
DA:1236,2
DA:1237,2
DA:1238,2
DA:1239,2
DA:1240,2
DA:1241,2
DA:1242,1
DA:1243,1
DA:1244,1
DA:1245,1
DA:1246,3
DA:1247,1
DA:1248,1
DA:1249,0
DA:1250,0
DA:1251,0
DA:1252,1
DA:1253,1
DA:1254,2
DA:1255,3
DA:1256,3
DA:1257,2
DA:1258,2
DA:1259,2
DA:1260,2
DA:1261,2
DA:1262,2
DA:1263,2
DA:1264,3
DA:1265,1
DA:1266,1
DA:1267,1
DA:1268,1
DA:1269,1
DA:1270,3
DA:1271,2
DA:1272,2
DA:1273,2
DA:1274,3
DA:1275,3
DA:1276,0
DA:1277,0
DA:1278,0
DA:1279,3
DA:1280,3
DA:1281,3
DA:1282,3
DA:1283,1
DA:1284,1
DA:1285,1
DA:1286,1
DA:1287,1
DA:1288,1
DA:1289,1
DA:1290,1
DA:1291,0
DA:1292,0
DA:1293,0
DA:1294,1
DA:1295,1
DA:1296,1
DA:1297,1
DA:1298,1
DA:1299,1
DA:1300,1
DA:1301,1
DA:1302,2
DA:1303,2
DA:1304,2
DA:1305,2
DA:1306,2
DA:1307,2
DA:1308,2
DA:1309,2
DA:1310,2
DA:1311,2
DA:1312,2
DA:1313,2
DA:1314,2
DA:1315,2
DA:1316,1
DA:1317,1
DA:1318,1
DA:1319,1
DA:1320,1
DA:1321,1
DA:1322,2
DA:1323,2
DA:1324,2
DA:1325,2
DA:1326,2
DA:1327,2
DA:1328,2
DA:1329,2
DA:1330,2
DA:1331,2
DA:1332,2
DA:1333,2
DA:1334,2
DA:1335,2
DA:1336,2
DA:1337,2
DA:1338,0
DA:1339,0
DA:1340,0
DA:1341,2
DA:1342,1
DA:1343,1
DA:1344,1
DA:1345,1
DA:1346,1
DA:1347,1
DA:1348,1
DA:1349,1
DA:1350,1
DA:1351,1
DA:1352,0
DA:1353,0
DA:1354,0
DA:1355,1
DA:1356,1
DA:1357,1
DA:1358,1
DA:1359,1
DA:1360,1
DA:1361,1
DA:1362,1
DA:1363,1
DA:1364,1
DA:1365,1
DA:1366,0
DA:1367,0
DA:1368,0
DA:1369,1
DA:1370,1
DA:1371,1
DA:1372,1
DA:1373,1
DA:1374,1
DA:1375,1
DA:1376,0
DA:1377,0
DA:1378,1
DA:1379,1
DA:1380,1
DA:1381,1
DA:1382,0
DA:1383,0
DA:1384,0
DA:1385,1
DA:1386,1
DA:1387,2
DA:1388,2
DA:1389,1
DA:1390,1
DA:1391,1
DA:1392,1
DA:1393,2
DA:1394,1
DA:1395,1
DA:1396,1
DA:1397,1
DA:1398,1
DA:1399,1
DA:1400,1
DA:1401,1
DA:1402,1
DA:1403,1
DA:1404,1
DA:1405,1
DA:1406,1
DA:1407,1
DA:1408,1
DA:1409,1
DA:1410,1
DA:1411,1
DA:1412,1
DA:1413,1
DA:1414,2
DA:1415,0
DA:1416,0
DA:1417,1
DA:1418,2
DA:1419,0
DA:1420,0
DA:1421,0
DA:1422,2
DA:1423,1
DA:1424,1
DA:1425,1
DA:1426,1
DA:1427,1
DA:1428,1
DA:1429,1
DA:1430,1
DA:1431,1
DA:1432,1
DA:1433,1
DA:1434,1
DA:1435,0
DA:1436,0
DA:1437,0
DA:1438,1
DA:1439,1
DA:1440,1
DA:1441,1
DA:1442,1
DA:1443,1
DA:1444,1
DA:1445,10
DA:1446,10
DA:1447,10
DA:1448,10
DA:1449,10
DA:1450,10
DA:1451,10
DA:1452,10
DA:1453,10
DA:1454,10
DA:1455,10
DA:1456,1
DA:1457,2
DA:1458,2
DA:1459,2
DA:1460,2
DA:1461,2
DA:1462,2
DA:1463,2
DA:1464,2
DA:1465,2
DA:1466,2
DA:1467,2
DA:1468,2
DA:1469,0
DA:1470,0
DA:1471,0
DA:1472,2
DA:1473,1
DA:1474,3
DA:1475,3
DA:1476,3
DA:1477,0
DA:1478,0
DA:1479,3
DA:1480,3
DA:1481,3
DA:1482,3
DA:1483,3
DA:1484,3
DA:1485,3
DA:1486,2
DA:1487,3
DA:1488,1
DA:1489,1
DA:1490,1
DA:1491,0
DA:1492,0
DA:1493,0
DA:1494,3
DA:1495,1
DA:1496,2
DA:1497,2
DA:1498,2
DA:1499,2
DA:1500,2
DA:1501,2
DA:1502,2
DA:1503,2
DA:1504,2
DA:1505,1
DA:1506,1
DA:1507,0
DA:1508,0
DA:1509,1
DA:1510,1
DA:1511,1
DA:1512,1
DA:1513,0
DA:1514,0
DA:1515,0
DA:1516,1
DA:1517,1
DA:1518,1
DA:1519,1
DA:1520,2
DA:1521,0
DA:1522,0
DA:1523,1
DA:1524,1
DA:1525,1
DA:1526,1
DA:1527,1
DA:1528,1
DA:1529,1
DA:1530,2
DA:1531,0
DA:1532,0
DA:1533,0
DA:1534,0
DA:1535,0
DA:1536,0
DA:1537,2
DA:1538,1
DA:1539,2
DA:1540,2
DA:1541,2
DA:1542,2
DA:1543,2
DA:1544,0
DA:1545,0
DA:1546,2
DA:1547,2
DA:1548,2
DA:1549,2
DA:1550,0
DA:1551,0
DA:1552,0
DA:1553,2
DA:1554,1
DA:1555,1
DA:1556,1
DA:1557,1
DA:1558,1
DA:1559,1
DA:1560,1
DA:1561,1
DA:1562,1
DA:1563,1
DA:1564,1
DA:1565,1
DA:1566,1
DA:1567,1
DA:1568,1
DA:1569,1
DA:1570,1
DA:1571,0
DA:1572,0
DA:1573,0
DA:1574,1
DA:1575,1
DA:1576,1
DA:1577,1
DA:1578,0
DA:1579,0
DA:1580,1
DA:1581,1
DA:1582,1
DA:1583,1
DA:1584,1
DA:1585,0
DA:1586,0
DA:1587,1
DA:1588,1
DA:1589,1
DA:1590,1
DA:1591,1
DA:1592,1
DA:1593,1
DA:1594,1
DA:1595,1
DA:1596,1
DA:1597,1
DA:1598,0
DA:1599,0
DA:1600,1
DA:1601,1
DA:1602,1
DA:1603,1
DA:1604,1
DA:1605,1
DA:1606,1
DA:1607,1
DA:1608,1
DA:1609,1
DA:1610,1
DA:1611,1
DA:1612,1
DA:1613,1
DA:1614,1
DA:1615,0
DA:1616,0
DA:1617,0
DA:1618,0
DA:1619,0
DA:1620,1
DA:1621,1
DA:1622,1
DA:1623,1
DA:1624,1
DA:1625,1
DA:1626,1
DA:1627,1
DA:1628,1
DA:1629,1
DA:1630,1
DA:1631,1
DA:1632,1
DA:1633,1
DA:1634,0
DA:1635,0
DA:1636,0
DA:1637,1
DA:1638,1
DA:1639,1
DA:1640,1
DA:1641,1
DA:1642,1
DA:1643,1
DA:1644,1
DA:1645,1
DA:1646,1
DA:1647,1
DA:1648,1
DA:1649,1
DA:1650,451
DA:1651,451
DA:1652,451
DA:1653,1
DA:1654,1
DA:1655,0
DA:1656,0
DA:1657,0
DA:1658,1
DA:1659,1
DA:1660,1
DA:1661,1
DA:1662,8
DA:1663,8
DA:1664,8
DA:1665,8
DA:1666,8
DA:1667,8
DA:1668,8
DA:1669,8
DA:1670,8
DA:1671,8
DA:1672,1
DA:1673,1
DA:1674,1
DA:1675,1
DA:1676,1
DA:1677,1
DA:1678,0
DA:1679,0
DA:1680,0
DA:1681,1
DA:1682,1
DA:1683,1
DA:1684,1
DA:1685,1
DA:1686,1
DA:1687,1
DA:1688,1
DA:1689,1
DA:1690,1
DA:1691,1
DA:1692,0
DA:1693,0
DA:1694,0
DA:1695,1
DA:1696,1
DA:1697,3
DA:1698,3
DA:1699,3
DA:1700,3
DA:1701,3
DA:1702,3
DA:1703,3
DA:1704,3
DA:1705,2
DA:1706,3
DA:1707,1
DA:1708,1
DA:1709,1
DA:1710,0
DA:1711,0
DA:1712,0
DA:1713,3
DA:1714,1
DA:1715,1
DA:1716,1
DA:1717,1
DA:1718,1
DA:1719,1
DA:1720,1
DA:1721,1
DA:1722,1
DA:1723,1
DA:1724,1
DA:1725,1
DA:1726,1
DA:1727,1
DA:1728,1
DA:1729,1
DA:1730,1
DA:1731,1
DA:1732,1
DA:1733,1
DA:1734,1
DA:1735,1
DA:1736,1
DA:1737,0
DA:1738,0
DA:1739,0
DA:1740,1
DA:1741,1
DA:1742,3
DA:1743,3
DA:1744,3
DA:1745,3
DA:1746,3
DA:1747,3
DA:1748,3
DA:1749,0
DA:1750,0
DA:1751,2
DA:1752,2
DA:1753,3
DA:1754,0
DA:1755,0
DA:1756,0
DA:1757,3
DA:1758,1
DA:1759,3
DA:1760,3
DA:1761,3
DA:1762,3
DA:1763,2
DA:1764,2
DA:1765,2
DA:1766,2
DA:1767,2
DA:1768,3
DA:1769,2
DA:1770,3
DA:1771,0
DA:1772,0
DA:1773,0
DA:1774,3
DA:1775,1
DA:1776,1
DA:1777,1
DA:1778,0
DA:1779,0
DA:1780,1
DA:1781,1
DA:1782,1
DA:1783,1
DA:1784,1
DA:1785,1
DA:1786,1
DA:1787,1
DA:1788,1
DA:1789,1
DA:1790,1
DA:1791,1
DA:1792,1
DA:1793,1
DA:1794,1
DA:1795,1
DA:1796,1
DA:1797,1
DA:1798,1
DA:1799,1
DA:1800,1
DA:1801,1
DA:1802,1
DA:1803,1
DA:1804,1
DA:1805,1
DA:1806,1
DA:1807,1
DA:1808,0
DA:1809,0
DA:1810,1
DA:1811,1
DA:1812,1
DA:1813,1
DA:1814,1
DA:1815,1
DA:1816,1
DA:1817,0
DA:1818,0
DA:1819,0
DA:1820,1
DA:1821,1
DA:1822,1
DA:1823,1
DA:1824,4
DA:1825,4
DA:1826,4
DA:1827,4
DA:1828,4
DA:1829,4
DA:1830,4
DA:1831,4
DA:1832,2
DA:1833,2
DA:1834,2
DA:1835,2
DA:1836,2
DA:1837,2
DA:1838,10
DA:1839,10
DA:1840,10
DA:1841,10
DA:1842,10
DA:1843,10
DA:1844,10
DA:1845,2
DA:1846,2
DA:1847,10
DA:1848,10
DA:1849,2
DA:1850,2
DA:1851,2
DA:1852,2
DA:1853,2
DA:1854,2
DA:1855,2
DA:1856,2
DA:1857,2
DA:1858,2
DA:1859,2
DA:1860,2
DA:1861,2
DA:1862,2
DA:1863,2
DA:1864,2
DA:1865,2
DA:1866,2
DA:1867,2
DA:1868,2
DA:1869,2
DA:1870,2
DA:1871,2
DA:1872,2
DA:1873,4
DA:1874,1
DA:1875,1
DA:1876,1
DA:1877,1
DA:1878,1
DA:1879,1
DA:1880,1
DA:1881,1
DA:1882,1
DA:1883,1
DA:1884,1
DA:1885,1
DA:1886,1
DA:1887,1
DA:1888,1
DA:1889,4
DA:1890,0
DA:1891,4
DA:1892,1
DA:1893,1
DA:1894,1
DA:1895,1
DA:1896,1
DA:1897,1
DA:1898,1
DA:1899,1
DA:1900,1
DA:1901,1
DA:1902,1
DA:1903,1
DA:1904,1
DA:1905,1
DA:1906,1
DA:1907,1
DA:1908,1
DA:1909,4
DA:1910,1
DA:1911,1
DA:1912,1
DA:1913,4
DA:1914,4
DA:1915,4
DA:1916,4
DA:1917,4
DA:1918,4
DA:1919,4
DA:1920,1
DA:1921,1
DA:1922,1
DA:1923,4
DA:1924,4
DA:1925,1
DA:1926,1
DA:1927,1
DA:1928,1
DA:1929,1
DA:1930,1
DA:1931,1
DA:1932,1
DA:1933,1
DA:1934,1
DA:1935,1
DA:1936,1
DA:1937,4
DA:1938,0
DA:1939,0
DA:1940,0
DA:1941,4
DA:1942,1
DA:1943,1
DA:1944,1
DA:1945,1
DA:1946,1
DA:1947,1
DA:1948,2
DA:1949,2
DA:1950,0
DA:1951,0
DA:1952,2
DA:1953,2
DA:1954,2
DA:1955,2
DA:1956,2
DA:1957,2
DA:1958,2
DA:1959,2
DA:1960,2
DA:1961,0
DA:1962,0
DA:1963,2
DA:1964,0
DA:1965,0
DA:1966,0
DA:1967,2
DA:1968,2
DA:1969,2
DA:1970,0
DA:1971,0
DA:1972,2
DA:1973,2
DA:1974,1
DA:1975,1
DA:1976,1
DA:1977,1
DA:1978,1
DA:1979,0
DA:1980,0
DA:1981,0
DA:1982,2
DA:1983,2
DA:1984,2
DA:1985,2
DA:1986,2
DA:1987,2
DA:1988,2
DA:1989,2
DA:1990,2
DA:1991,2
DA:1992,2
DA:1993,2
DA:1994,2
DA:1995,2
DA:1996,2
DA:1997,2
DA:1998,2
DA:1999,2
DA:2000,2
DA:2001,0
DA:2002,0
DA:2003,0
DA:2004,0
DA:2005,0
DA:2006,0
DA:2007,0
DA:2008,0
DA:2009,2
DA:2010,1
DA:2011,1
DA:2012,1
DA:2013,0
DA:2014,0
DA:2015,1
DA:2016,1
DA:2017,1
DA:2018,1
DA:2019,0
DA:2020,0
DA:2021,1
DA:2022,0
DA:2023,0
DA:2024,0
DA:2025,1
DA:2026,1
DA:2027,1
DA:2028,1
DA:2029,1
DA:2030,1
DA:2031,1
DA:2032,1
DA:2033,1
DA:2034,1
DA:2035,1
DA:2036,1
DA:2037,1
DA:2038,1
DA:2039,1
DA:2040,1
DA:2041,1
DA:2042,1
DA:2043,1
DA:2044,1
DA:2045,1
DA:2046,1
DA:2047,1
DA:2048,1
DA:2049,1
DA:2050,1
DA:2051,1
DA:2052,1
DA:2053,1
DA:2054,1
DA:2055,1
DA:2056,1
DA:2057,1
DA:2058,1
DA:2059,1
DA:2060,1
DA:2061,1
DA:2062,1
DA:2063,1
DA:2064,1
DA:2065,1
DA:2066,1
DA:2067,1
DA:2068,1
DA:2069,1
DA:2070,1
DA:2071,1
DA:2072,1
DA:2073,1
DA:2074,1
DA:2075,1
LF:2075
LH:1809
BRDA:1,0,0,1
BRDA:143,1,0,3
BRDA:147,2,0,6
BRDA:152,3,0,13
BRDA:153,4,0,0
BRDA:171,5,0,1
BRDA:172,6,0,0
BRDA:178,7,0,0
BRDA:179,8,0,0
BRDA:180,9,0,0
BRDA:181,10,0,0
BRDA:182,11,0,0
BRDA:195,12,0,1
BRDA:205,13,0,0
BRDA:210,14,0,3
BRDA:212,15,0,0
BRDA:213,16,0,0
BRDA:221,17,0,0
BRDA:223,18,0,0
BRDA:224,19,0,0
BRDA:225,20,0,0
BRDA:226,21,0,1
BRDA:229,22,0,2
BRDA:238,23,0,0
BRDA:244,24,0,3
BRDA:246,25,0,0
BRDA:247,26,0,0
BRDA:252,27,0,0
BRDA:253,28,0,1
BRDA:256,29,0,2
BRDA:262,30,0,0
BRDA:270,31,0,4
BRDA:272,32,0,0
BRDA:273,33,0,1
BRDA:276,34,0,3
BRDA:276,35,0,0
BRDA:277,36,0,0
BRDA:278,37,0,3
BRDA:286,38,0,1
BRDA:287,39,0,2
BRDA:289,40,0,0
BRDA:292,41,0,2
BRDA:292,42,0,0
BRDA:295,43,0,2
BRDA:300,44,0,0
BRDA:308,45,0,3
BRDA:330,46,0,0
BRDA:315,47,0,45
BRDA:317,48,0,0
BRDA:321,49,0,0
BRDA:324,50,0,15
BRDA:324,51,0,31
BRDA:324,52,0,0
BRDA:324,53,0,0
BRDA:338,54,0,11
BRDA:342,55,0,0
BRDA:347,56,0,0
BRDA:347,57,0,0
BRDA:348,58,0,0
BRDA:363,59,0,1
BRDA:384,60,0,0
BRDA:393,61,0,3
BRDA:394,62,0,0
BRDA:395,63,0,0
BRDA:399,64,0,0
BRDA:405,65,0,4
BRDA:407,66,0,0
BRDA:411,67,0,0
BRDA:417,68,0,3
BRDA:419,69,0,0
BRDA:420,70,0,0
BRDA:424,71,0,1
BRDA:426,72,0,0
BRDA:428,73,0,0
BRDA:436,74,0,2
BRDA:436,75,0,2
BRDA:436,76,0,2
BRDA:438,77,0,0
BRDA:439,78,0,0
BRDA:456,79,0,2
BRDA:463,80,0,1
BRDA:477,81,0,3
BRDA:479,82,0,1
BRDA:484,83,0,0
BRDA:486,84,0,0
BRDA:491,85,0,4
BRDA:492,86,0,0
BRDA:495,87,0,1
BRDA:496,88,0,3
BRDA:497,89,0,0
BRDA:503,90,0,5
BRDA:504,91,0,0
BRDA:508,92,0,1
BRDA:514,93,0,4
BRDA:516,94,0,4
BRDA:516,95,0,4
BRDA:518,96,0,1
BRDA:519,97,0,3
BRDA:519,98,0,0
BRDA:520,99,0,3
BRDA:522,100,0,3
BRDA:525,101,0,0
BRDA:531,102,0,3
BRDA:531,103,0,1
BRDA:532,104,0,0
BRDA:536,105,0,0
BRDA:536,106,0,0
BRDA:539,107,0,3
BRDA:553,108,0,0
BRDA:557,109,0,3
BRDA:572,110,0,1
BRDA:580,111,0,2
BRDA:580,112,0,1
BRDA:594,113,0,0
BRDA:598,114,0,3
BRDA:602,115,0,1
BRDA:606,116,0,3
BRDA:613,117,0,0
BRDA:617,118,0,3
BRDA:625,119,0,0
BRDA:632,120,0,3
BRDA:645,121,0,243
BRDA:646,122,0,241
BRDA:646,123,0,18
BRDA:647,124,0,225
BRDA:654,125,0,23
BRDA:657,126,0,345
BRDA:665,127,0,11
BRDA:667,128,0,0
BRDA:668,129,0,13
BRDA:676,130,0,14
BRDA:687,131,0,20
BRDA:688,132,0,106
BRDA:689,133,0,86
BRDA:690,134,0,20
BRDA:690,135,0,20
BRDA:690,136,0,1
BRDA:691,137,0,19
BRDA:691,138,0,17
BRDA:691,139,0,1
BRDA:695,140,0,19
BRDA:698,141,0,22
BRDA:699,142,0,19
BRDA:700,143,0,73
BRDA:701,144,0,2
BRDA:703,145,0,17
BRDA:704,146,0,20
BRDA:707,147,0,2
BRDA:711,148,0,1
BRDA:712,149,0,1
BRDA:713,150,0,0
BRDA:725,151,0,0
BRDA:722,152,0,3
BRDA:723,153,0,3
BRDA:723,154,0,0
BRDA:731,155,0,2
BRDA:735,156,0,0
BRDA:739,157,0,1
BRDA:740,158,0,1
BRDA:740,159,0,1
BRDA:752,160,0,0
BRDA:749,161,0,3
BRDA:750,162,0,3
BRDA:750,163,0,0
BRDA:758,164,0,32
BRDA:763,165,0,0
BRDA:765,166,0,0
BRDA:771,167,0,1
BRDA:776,168,0,0
BRDA:774,169,0,1
BRDA:782,170,0,5
BRDA:790,171,0,0
BRDA:796,172,0,15
BRDA:798,173,0,14
BRDA:802,174,0,1
BRDA:812,175,0,0
BRDA:816,176,0,1
BRDA:816,177,0,0
BRDA:821,178,0,0
BRDA:821,179,0,0
BRDA:822,180,0,0
BRDA:823,181,0,0
BRDA:824,182,0,0
BRDA:834,183,0,1
BRDA:834,184,0,0
BRDA:811,185,0,1
BRDA:839,186,0,15
BRDA:841,187,0,14
BRDA:845,188,0,1
BRDA:845,189,0,0
BRDA:846,190,0,0
BRDA:847,191,0,1
BRDA:848,192,0,0
BRDA:849,193,0,1
BRDA:849,194,0,0
BRDA:867,195,0,1
BRDA:867,196,0,0
BRDA:872,197,0,15
BRDA:873,198,0,0
BRDA:893,199,0,0
BRDA:879,200,0,225
BRDA:882,201,0,0
BRDA:883,202,0,0
BRDA:883,203,0,0
BRDA:899,204,0,19
BRDA:903,205,0,3
BRDA:904,206,0,16
BRDA:909,207,0,0
BRDA:912,208,0,0
BRDA:916,209,0,16
BRDA:921,210,0,240
BRDA:923,211,0,16
BRDA:928,212,0,16
BRDA:939,213,0,15
BRDA:976,214,0,1
BRDA:981,215,0,0
BRDA:983,216,0,0
BRDA:983,217,0,16
BRDA:966,218,0,15
BRDA:988,219,0,5
BRDA:991,220,0,2
BRDA:992,221,0,3
BRDA:993,222,0,0
BRDA:994,223,0,0
BRDA:1015,224,0,3
BRDA:1016,225,0,0
BRDA:1018,226,0,0
BRDA:1019,227,0,2
BRDA:1019,228,0,2
BRDA:1019,229,0,2
BRDA:1019,230,0,2
BRDA:1019,231,0,2
BRDA:1019,232,0,1
BRDA:1020,233,0,2
BRDA:1020,234,0,1
BRDA:1020,235,0,1
BRDA:1020,236,0,1
BRDA:1020,237,0,1
BRDA:1030,238,0,1
BRDA:1038,239,0,0
BRDA:1035,240,0,15
BRDA:1050,241,0,5
BRDA:1051,242,0,0
BRDA:1058,243,0,0
BRDA:1063,244,0,0
BRDA:1070,245,0,1
BRDA:1077,246,0,4
BRDA:1078,247,0,16
BRDA:1079,248,0,0
BRDA:1083,249,0,4
BRDA:1087,250,0,0
BRDA:1091,251,0,4
BRDA:1091,252,0,0
BRDA:1094,253,0,4
BRDA:1117,254,0,23
BRDA:1120,255,0,0
BRDA:1121,256,0,20
BRDA:1122,257,0,0
BRDA:1125,258,0,3
BRDA:1126,259,0,1
BRDA:1130,260,0,2
BRDA:1133,261,0,1
BRDA:1138,262,0,3
BRDA:1140,263,0,1
BRDA:1143,264,0,2
BRDA:1062,265,0,49
BRDA:1062,266,0,49
BRDA:1062,267,0,0
BRDA:1067,268,0,28
BRDA:1067,269,0,0
BRDA:1096,270,0,23
BRDA:1097,271,0,20
BRDA:1098,272,0,3
BRDA:1099,273,0,0
BRDA:1101,274,0,23
BRDA:1152,275,0,2
BRDA:1153,276,0,0
BRDA:1156,277,0,1
BRDA:1158,278,0,0
BRDA:1159,279,0,0
BRDA:1165,280,0,1
BRDA:1171,281,0,0
BRDA:1173,282,0,0
BRDA:1174,283,0,0
BRDA:1180,284,0,3
BRDA:1182,285,0,0
BRDA:1194,286,0,15
BRDA:1195,287,0,2
BRDA:1196,288,0,0
BRDA:1199,289,0,0
BRDA:1210,290,0,0
BRDA:1218,291,0,45
BRDA:1219,292,0,42
BRDA:1220,293,0,3
BRDA:1222,294,0,2
BRDA:1224,295,0,1
BRDA:1224,296,0,0
BRDA:1234,297,0,2
BRDA:1241,298,0,1
BRDA:1246,299,0,1
BRDA:1248,300,0,0
BRDA:1254,301,0,2
BRDA:1256,302,0,2
BRDA:1264,303,0,1
BRDA:1271,304,0,2
BRDA:1274,305,0,0
BRDA:1275,306,0,0
BRDA:1284,307,0,1
BRDA:1288,308,0,0
BRDA:1290,309,0,0
BRDA:1302,310,0,2
BRDA:1313,311,0,1
BRDA:1314,312,0,1
BRDA:1315,313,0,1
BRDA:1322,314,0,0
BRDA:1337,315,0,0
BRDA:1343,316,0,1
BRDA:1349,317,0,0
BRDA:1351,318,0,0
BRDA:1357,319,0,1
BRDA:1363,320,0,0
BRDA:1365,321,0,0
BRDA:1371,322,0,1
BRDA:1374,323,0,0
BRDA:1375,324,0,0
BRDA:1381,325,0,0
BRDA:1387,326,0,2
BRDA:1388,327,0,1
BRDA:1388,328,0,1
BRDA:1393,329,0,0
BRDA:1394,330,0,1
BRDA:1404,331,0,0
BRDA:1414,332,0,0
BRDA:1417,333,0,1
BRDA:1418,334,0,0
BRDA:1424,335,0,1
BRDA:1433,336,0,0
BRDA:1434,337,0,0
BRDA:1445,338,0,10
BRDA:1446,339,0,0
BRDA:1450,340,0,0
BRDA:1453,341,0,0
BRDA:1453,342,0,4
BRDA:1457,343,0,2
BRDA:1468,344,0,0
BRDA:1474,345,0,3
BRDA:1475,346,0,0
BRDA:1476,347,0,0
BRDA:1484,348,0,2
BRDA:1486,349,0,2
BRDA:1487,350,0,1
BRDA:1491,351,0,0
BRDA:1496,352,0,2
BRDA:1499,353,0,0
BRDA:1504,354,0,1
BRDA:1505,355,0,0
BRDA:1506,356,0,0
BRDA:1513,357,0,0
BRDA:1517,358,0,0
BRDA:1520,359,0,0
BRDA:1523,360,0,1
BRDA:1530,361,0,0
BRDA:1539,362,0,2
BRDA:1542,363,0,0
BRDA:1543,364,0,0
BRDA:1549,365,0,0
BRDA:1555,366,0,1
BRDA:1568,367,0,0
BRDA:1570,368,0,0
BRDA:1576,369,0,1
BRDA:1577,370,0,0
BRDA:1584,371,0,0
BRDA:1597,372,0,0
BRDA:1614,373,0,0
BRDA:1580,374,0,1
BRDA:1580,375,0,0
BRDA:1595,376,0,1
BRDA:1596,377,0,1
BRDA:1600,378,0,1
BRDA:1627,379,0,1
BRDA:1633,380,0,0
BRDA:1639,381,0,1
BRDA:1649,382,0,451
BRDA:1650,383,0,4
BRDA:1654,384,0,0
BRDA:1662,385,0,8
BRDA:1673,386,0,1
BRDA:1677,387,0,0
BRDA:1681,388,0,0
BRDA:1691,389,0,0
BRDA:1697,390,0,3
BRDA:1698,391,0,0
BRDA:1699,392,0,0
BRDA:1703,393,0,2
BRDA:1705,394,0,2
BRDA:1706,395,0,1
BRDA:1710,396,0,0
BRDA:1715,397,0,1
BRDA:1716,398,0,0
BRDA:1727,399,0,0
BRDA:1734,400,0,0
BRDA:1736,401,0,0
BRDA:1742,402,0,3
BRDA:1743,403,0,0
BRDA:1747,404,0,1
BRDA:1748,405,0,2
BRDA:1748,406,0,0
BRDA:1751,407,0,2
BRDA:1753,408,0,0
BRDA:1759,409,0,3
BRDA:1762,410,0,1
BRDA:1763,411,0,2
BRDA:1768,412,0,1
BRDA:1769,413,0,2
BRDA:1770,414,0,0
BRDA:1776,415,0,1
BRDA:1777,416,0,0
BRDA:1782,417,0,0
BRDA:1807,418,0,0
BRDA:1816,419,0,0
BRDA:1824,420,0,4
BRDA:1827,421,0,0
BRDA:1831,422,0,2
BRDA:1837,423,0,10
BRDA:1873,424,0,1
BRDA:1889,425,0,0
BRDA:1891,426,0,1
BRDA:1910,427,0,1
BRDA:1912,428,0,4
BRDA:1937,429,0,0
BRDA:1842,430,0,902
BRDA:1843,431,0,1140
BRDA:1846,432,0,10
BRDA:1897,433,0,112
BRDA:1917,434,0,339
BRDA:1918,435,0,456
BRDA:1922,436,0,4
BRDA:1948,437,0,2
BRDA:1949,438,0,0
BRDA:1958,439,0,0
BRDA:1960,440,0,0
BRDA:1963,441,0,0
BRDA:1968,442,0,0
BRDA:1969,443,0,0
BRDA:1973,444,0,1
BRDA:1979,445,0,0
BRDA:1983,446,0,0
BRDA:1983,447,0,0
BRDA:2001,448,0,0
BRDA:2011,449,0,1
BRDA:2012,450,0,0
BRDA:2018,451,0,0
BRDA:2021,452,0,0
BRF:453
BRH:253
end_of_record
TN:
SF:backend/services/pdfGenerator.js
FN:31,formatFecha
FN:40,isAvailable
FN:51,generateDeclaracionPDFBuffer
FN:159,buildPdfFilename
FN:160,safe
FNF:5
FNH:5
FNDA:30,formatFecha
FNDA:30,isAvailable
FNDA:15,generateDeclaracionPDFBuffer
FNDA:15,buildPdfFilename
FNDA:30,safe
DA:1,1
DA:2,1
DA:3,1
DA:4,1
DA:5,1
DA:6,1
DA:7,1
DA:8,1
DA:9,1
DA:10,1
DA:11,1
DA:12,1
DA:13,1
DA:14,1
DA:15,1
DA:16,1
DA:17,0
DA:18,0
DA:19,0
DA:20,1
DA:21,1
DA:22,1
DA:23,1
DA:24,1
DA:25,1
DA:26,1
DA:27,1
DA:28,1
DA:29,1
DA:30,1
DA:31,30
DA:32,30
DA:33,30
DA:34,30
DA:35,30
DA:36,0
DA:37,0
DA:38,30
DA:39,1
DA:40,30
DA:41,30
DA:42,30
DA:43,1
DA:44,1
DA:45,1
DA:46,1
DA:47,1
DA:48,1
DA:49,1
DA:50,1
DA:51,15
DA:52,15
DA:53,0
DA:54,0
DA:55,15
DA:56,15
DA:57,15
DA:58,15
DA:59,15
DA:60,15
DA:61,15
DA:62,15
DA:63,15
DA:64,15
DA:65,15
DA:66,15
DA:67,15
DA:68,15
DA:69,15
DA:70,15
DA:71,15
DA:72,15
DA:73,15
DA:74,15
DA:75,15
DA:76,15
DA:77,15
DA:78,15
DA:79,15
DA:80,15
DA:81,15
DA:82,15
DA:83,15
DA:84,15
DA:85,15
DA:86,15
DA:87,15
DA:88,15
DA:89,15
DA:90,15
DA:91,15
DA:92,15
DA:93,15
DA:94,15
DA:95,15
DA:96,15
DA:97,15
DA:98,15
DA:99,15
DA:100,15
DA:101,15
DA:102,15
DA:103,15
DA:104,15
DA:105,15
DA:106,15
DA:107,75
DA:108,75
DA:109,75
DA:110,75
DA:111,75
DA:112,15
DA:113,15
DA:114,15
DA:115,15
DA:116,15
DA:117,15
DA:118,15
DA:119,15
DA:120,15
DA:121,15
DA:122,15
DA:123,15
DA:124,15
DA:125,15
DA:126,15
DA:127,15
DA:128,15
DA:129,15
DA:130,1
DA:131,15
DA:132,14
DA:133,15
DA:134,15
DA:135,15
DA:136,15
DA:137,15
DA:138,15
DA:139,14
DA:140,15
DA:141,15
DA:142,15
DA:143,15
DA:144,15
DA:145,15
DA:146,15
DA:147,15
DA:148,15
DA:149,15
DA:150,15
DA:151,15
DA:152,15
DA:153,15
DA:154,0
DA:155,0
DA:156,15
DA:157,15
DA:158,1
DA:159,15
DA:160,15
DA:161,15
DA:162,15
DA:163,15
DA:164,15
DA:165,15
DA:166,1
DA:167,1
DA:168,1
DA:169,1
DA:170,1
DA:171,1
LF:171
LH:162
BRDA:1,0,0,1
BRDA:16,1,0,0
BRDA:31,2,0,30
BRDA:32,3,0,0
BRDA:35,4,0,0
BRDA:40,5,0,30
BRDA:51,6,0,15
BRDA:52,7,0,0
BRDA:56,8,0,15
BRDA:106,9,0,75
BRDA:108,10,0,0
BRDA:125,11,0,0
BRDA:129,12,0,1
BRDA:131,13,0,14
BRDA:132,14,0,15
BRDA:134,15,0,0
BRDA:135,16,0,0
BRDA:153,17,0,0
BRDA:60,18,0,1200
BRDA:61,19,0,15
BRDA:126,20,0,225
BRDA:126,21,0,15
BRDA:126,22,0,15
BRDA:159,23,0,15
BRDA:160,24,0,30
BRDA:160,25,0,0
BRF:26
BRH:16
end_of_record
TN:
SF:backend/utils/csv.js
FN:14,parseCsv
FN:77,escapeField
FN:83,rowsToCsv
FNF:3
FNH:3
FNDA:5,parseCsv
FNDA:20,escapeField
FNDA:1,rowsToCsv
DA:1,1
DA:2,1
DA:3,1
DA:4,1
DA:5,1
DA:6,1
DA:7,1
DA:8,1
DA:9,1
DA:10,1
DA:11,1
DA:12,1
DA:13,1
DA:14,5
DA:15,5
DA:16,5
DA:17,5
DA:18,5
DA:19,5
DA:20,5
DA:21,5
DA:22,5
DA:23,5
DA:24,5
DA:25,5
DA:26,5
DA:27,5
DA:28,2147
DA:29,2147
DA:30,2147
DA:31,18
DA:32,3
DA:33,1
DA:34,1
DA:35,1
DA:36,1
DA:37,2
DA:38,2
DA:39,2
DA:40,2
DA:41,15
DA:42,15
DA:43,15
DA:44,15
DA:45,2129
DA:46,2147
DA:47,2147
DA:48,2147
DA:49,1
DA:50,1
DA:51,1
DA:52,0
DA:53,1
DA:54,1
DA:55,2147
DA:56,43
DA:57,43
DA:58,43
DA:59,43
DA:60,43
DA:61,1881
DA:62,1881
DA:63,1881
DA:64,5
DA:65,5
DA:66,5
DA:67,5
DA:68,5
DA:69,5
DA:70,5
DA:71,5
DA:72,5
DA:73,5
DA:74,1
DA:75,1
DA:76,1
DA:77,20
DA:78,20
DA:79,20
DA:80,20
DA:81,20
DA:82,1
DA:83,1
DA:84,1
DA:85,1
DA:86,1
DA:87,1
LF:87
LH:86
BRDA:1,0,0,1
BRDA:14,1,0,5
BRDA:15,2,0,0
BRDA:18,3,0,0
BRDA:27,4,0,2147
BRDA:30,5,0,18
BRDA:31,6,0,3
BRDA:32,7,0,1
BRDA:37,8,0,2
BRDA:41,9,0,15
BRDA:45,10,0,2129
BRDA:46,11,0,2
BRDA:47,12,0,2127
BRDA:47,13,0,202
BRDA:48,14,0,1925
BRDA:48,15,0,1
BRDA:52,16,0,0
BRDA:55,17,0,1924
BRDA:55,18,0,43
BRDA:61,19,0,1881
BRDA:68,20,0,0
BRDA:77,21,0,20
BRDA:78,22,0,0
BRDA:79,23,0,0
BRDA:83,24,0,1
BRDA:84,25,0,1
BRF:26
BRH:20
end_of_record
TN:
SF:backend/utils/dniEncryption.js
FN:39,getKey
FN:53,normalise
FN:63,encryptDni
FN:85,decryptDni
FN:117,hashDni
FNF:5
FNH:5
FNDA:61,getKey
FNDA:47,normalise
FNDA:17,encryptDni
FNDA:14,decryptDni
FNDA:30,hashDni
DA:1,1
DA:2,1
DA:3,1
DA:4,1
DA:5,1
DA:6,1
DA:7,1
DA:8,1
DA:9,1
DA:10,1
DA:11,1
DA:12,1
DA:13,1
DA:14,1
DA:15,1
DA:16,1
DA:17,1
DA:18,1
DA:19,1
DA:20,1
DA:21,1
DA:22,1
DA:23,1
DA:24,1
DA:25,1
DA:26,1
DA:27,1
DA:28,1
DA:29,1
DA:30,1
DA:31,1
DA:32,1
DA:33,1
DA:34,1
DA:35,1
DA:36,1
DA:37,1
DA:38,1
DA:39,61
DA:40,61
DA:41,61
DA:42,61
DA:43,61
DA:44,0
DA:45,0
DA:46,61
DA:47,61
DA:48,1
DA:49,1
DA:50,1
DA:51,1
DA:52,1
DA:53,47
DA:54,47
DA:55,47
DA:56,1
DA:57,1
DA:58,1
DA:59,1
DA:60,1
DA:61,1
DA:62,1
DA:63,17
DA:64,17
DA:65,17
DA:66,17
DA:67,17
DA:68,17
DA:69,17
DA:70,17
DA:71,17
DA:72,17
DA:73,17
DA:74,1
DA:75,1
DA:76,1
DA:77,1
DA:78,1
DA:79,1
DA:80,1
DA:81,1
DA:82,1
DA:83,1
DA:84,1
DA:85,14
DA:86,14
DA:87,14
DA:88,14
DA:89,14
DA:90,0
DA:91,0
DA:92,14
DA:93,14
DA:94,14
DA:95,14
DA:96,14
DA:97,14
DA:98,14
DA:99,14
DA:100,14
DA:101,14
DA:102,14
DA:103,0
DA:104,0
DA:105,0
DA:106,14
DA:107,1
DA:108,1
DA:109,1
DA:110,1
DA:111,1
DA:112,1
DA:113,1
DA:114,1
DA:115,1
DA:116,1
DA:117,30
DA:118,30
DA:119,30
DA:120,30
DA:121,30
DA:122,30
DA:123,30
DA:124,1
DA:125,1
LF:125
LH:118
BRDA:1,0,0,1
BRDA:39,1,0,61
BRDA:41,2,0,0
BRDA:43,3,0,0
BRDA:53,4,0,47
BRDA:54,5,0,0
BRDA:63,6,0,17
BRDA:64,7,0,0
BRDA:67,8,0,0
BRDA:85,9,0,14
BRDA:86,10,0,0
BRDA:88,11,0,0
BRDA:89,12,0,0
BRDA:95,13,0,0
BRDA:102,14,0,0
BRDA:117,15,0,30
BRDA:118,16,0,0
BRDA:121,17,0,0
BRF:18
BRH:6
end_of_record
